<?xml version="1.0" encoding="UTF-8"?>
<testsuites name="LoginTestSuite" time="50" tests="1" failures="1" errors="0">
   <testsuite name="LoginTestSuite" tests="1" failures="1" errors="0" time="50" timestamp="2019-01-06 16:33:30" hostname="user - DESKTOP-3JHPPTI" id="Test Suites/efc/LoginTestSuite">
      <properties>
         <property name="deviceName" value=""/>
         <property name="devicePlatform" value=""/>
         <property name="logFolder" value="C:\\WorkSpace\\kalatonstudioproject\\efcrecordandplayback\\Reports\\efc\\LoginTestSuite\\20190106_163327"/>
         <property name="logFiles" value="C:\\WorkSpace\\kalatonstudioproject\\efcrecordandplayback\\Reports\\efc\\LoginTestSuite\\20190106_163327\\execution0.log"/>
         <property name="attachments" value="C:\\WorkSpace\\kalatonstudioproject\\efcrecordandplayback\\Reports\\efc\\LoginTestSuite\\20190106_163327\\1546792459855.png"/>
         <property name="hostName" value="user - DESKTOP-3JHPPTI"/>
         <property name="os" value="Windows 10 64bit"/>
         <property name="katalonVersion" value="5.10.1.1"/>
         <property name="browser" value="Chrome 71.0.3578.98"/>
         <property name="hostAddress" value="192.168.0.7"/>
         <property name="sessionId" value="4e95aa898a98ba284647ad8eda1a4c65"/>
         <property name="seleniumVersion" value="3.7.1"/>
         <property name="proxyInformation" value="ProxyInformation{proxyOption=NO_PROXY, proxyServerType=HTTP, password=, proxyServerAddress=, proxyServerPort=0}"/>
         <property name="platform" value="Windows 10"/>
      </properties>
      <testcase name="Test Cases/UserLogin/Login" classname="Test Cases/UserLogin/Login" status="PASSED">
         <system-out><![CDATA[2019-01-06 16:33:31 - [TEST_CASE][PASSED] - Test Cases/UserLogin/Login: Test Cases/UserLogin/Login

2019-01-06 16:33:31 - [TEST_STEP][PASSED] - openBrowser(applicationUrl): Browser is opened with url: 'https://www.efinancialcareers.co.uk'

2019-01-06 16:33:32 - [MESSAGE][INFO] - Starting 'Chrome' driver

2019-01-06 16:33:32 - [MESSAGE][INFO] - Action delay is set to 0 seconds

2019-01-06 16:33:43 - [MESSAGE][PASSED] - Browser is opened with url: 'https://www.efinancialcareers.co.uk'

2019-01-06 16:33:43 - [TEST_STEP][PASSED] - maximizeWindow(): Current window maximized

2019-01-06 16:33:45 - [MESSAGE][PASSED] - Current window maximized

2019-01-06 16:33:45 - [TEST_STEP][PASSED] - waitForPageLoad(timeOut): Wait for page load successfully

2019-01-06 16:33:45 - [MESSAGE][PASSED] - Wait for page load successfully

2019-01-06 16:33:45 - [TEST_STEP][PASSED] - waitForElementVisible(findTestObject("Efc/EfcLoginPage/EfcLogo"), timeOut): Object 'Object Repository/Efc/EfcLoginPage/EfcLogo' is visible

2019-01-06 16:33:45 - [MESSAGE][PASSED] - Object 'Object Repository/Efc/EfcLoginPage/EfcLogo' is visible

2019-01-06 16:33:45 - [TEST_STEP][PASSED] - verifyElementPresent(findTestObject("Efc/EfcLoginPage/SearchButton"), timeOut): Object 'Object Repository/Efc/EfcLoginPage/SearchButton' is present

2019-01-06 16:33:46 - [MESSAGE][PASSED] - Object 'Object Repository/Efc/EfcLoginPage/SearchButton' is present

2019-01-06 16:33:46 - [TEST_STEP][PASSED] - click(findTestObject("Efc/EfcLoginPage/LoginButton")): Object: 'Object Repository/Efc/EfcLoginPage/LoginButton' is clicked on

2019-01-06 16:33:50 - [MESSAGE][PASSED] - Object: 'Object Repository/Efc/EfcLoginPage/LoginButton' is clicked on

2019-01-06 16:33:50 - [TEST_STEP][PASSED] - clearText(findTestObject("Efc/EfcLoginPage/UserName")): Text of object 'Object Repository/Efc/EfcLoginPage/UserName' is cleared

2019-01-06 16:33:50 - [MESSAGE][PASSED] - Text of object 'Object Repository/Efc/EfcLoginPage/UserName' is cleared

2019-01-06 16:33:50 - [TEST_STEP][PASSED] - sendKeys(findTestObject("Efc/EfcLoginPage/UserName"), username): Keys 'ben.doni@outlook.com' sent to object: 'Object Repository/Efc/EfcLoginPage/UserName'

2019-01-06 16:33:50 - [MESSAGE][PASSED] - Keys 'ben.doni@outlook.com' sent to object: 'Object Repository/Efc/EfcLoginPage/UserName'

2019-01-06 16:33:50 - [TEST_STEP][PASSED] - clearText(findTestObject("Efc/EfcLoginPage/Password"), STOP_ON_FAILURE): Text of object 'Object Repository/Efc/EfcLoginPage/Password' is cleared

2019-01-06 16:33:50 - [MESSAGE][PASSED] - Text of object 'Object Repository/Efc/EfcLoginPage/Password' is cleared

2019-01-06 16:33:50 - [TEST_STEP][PASSED] - sendKeys(findTestObject("Efc/EfcLoginPage/Password"), password): Keys 'testing123' sent to object: 'Object Repository/Efc/EfcLoginPage/Password'

2019-01-06 16:33:50 - [MESSAGE][PASSED] - Keys 'testing123' sent to object: 'Object Repository/Efc/EfcLoginPage/Password'

2019-01-06 16:33:50 - [TEST_STEP][PASSED] - click(findTestObject("Efc/EfcLoginPage/LoginLink")): Object: 'Object Repository/Efc/EfcLoginPage/LoginLink' is clicked on

2019-01-06 16:33:54 - [MESSAGE][PASSED] - Object: 'Object Repository/Efc/EfcLoginPage/LoginLink' is clicked on

2019-01-06 16:33:54 - [TEST_STEP][PASSED] - verifyElementPresent(findTestObject("Efc/EfcLoginPage/WelcomeMessage"), timeOut): Object 'Object Repository/Efc/EfcLoginPage/WelcomeMessage' is present

2019-01-06 16:33:54 - [MESSAGE][PASSED] - Object 'Object Repository/Efc/EfcLoginPage/WelcomeMessage' is present

2019-01-06 16:33:54 - [TEST_STEP][PASSED] - click(findTestObject("Efc/EfcLoginPage/ProfileLink")): Object: 'Object Repository/Efc/EfcLoginPage/ProfileLink' is clicked on

2019-01-06 16:33:54 - [MESSAGE][PASSED] - Object: 'Object Repository/Efc/EfcLoginPage/ProfileLink' is clicked on

2019-01-06 16:33:54 - [TEST_STEP][PASSED] - scrollToElement(findTestObject("Efc/EfcLoginPage/Logout"), timeOut): Scroll to object 'Object Repository/Efc/EfcLoginPage/Logout' successfully

2019-01-06 16:33:55 - [MESSAGE][PASSED] - Scroll to object 'Object Repository/Efc/EfcLoginPage/Logout' successfully

2019-01-06 16:33:55 - [TEST_STEP][PASSED] - click(findTestObject("Efc/EfcLoginPage/Logout")): Object: 'Object Repository/Efc/EfcLoginPage/Logout' is clicked on

2019-01-06 16:33:59 - [MESSAGE][PASSED] - Object: 'Object Repository/Efc/EfcLoginPage/Logout' is clicked on

2019-01-06 16:33:59 - [TEST_STEP][PASSED] - closeBrowser(STOP_ON_FAILURE): Browser is closed

2019-01-06 16:34:00 - [MESSAGE][PASSED] - Browser is closed]]></system-out>
         <system-err><![CDATA[]]></system-err>
      </testcase>
      <testcase name="Test Cases/UserLogin/LoginWithParameterization" classname="Test Cases/UserLogin/LoginWithParameterization" status="FAILED">
         <failure type="FAILED" message="Test Cases/UserLogin/LoginWithParameterization FAILED.
Reason:
com.kms.katalon.core.exception.StepFailedException: Unable to click on object 'Object Repository/Efc/EfcLoginPage/Logout' (Root cause: org.openqa.selenium.ElementNotVisibleException: element not interactable
  (Session info: chrome=71.0.3578.98)
  (Driver info: chromedriver=2.43.600210 (68dcf5eebde37173d4027fa8635e332711d2874a),platform=Windows NT 10.0.17134 x86_64) (WARNING: The server did not provide any stacktrace information)
Command duration or timeout: 0 milliseconds
Build info: version: '3.7.1', revision: '8a0099a', time: '2017-11-06T21:07:36.161Z'
System info: host: 'DESKTOP-3JHPPTI', ip: '192.168.0.7', os.name: 'Windows 10', os.arch: 'amd64', os.version: '10.0', java.version: '1.8.0_181'
Driver info: com.kms.katalon.selenium.driver.CChromeDriver
Capabilities {acceptInsecureCerts: false, acceptSslCerts: false, applicationCacheEnabled: false, browserConnectionEnabled: false, browserName: chrome, chrome: {chromedriverVersion: 2.43.600210 (68dcf5eebde371..., userDataDir: C:\Users\user\AppData\Local...}, cssSelectorsEnabled: true, databaseEnabled: false, goog:chromeOptions: {debuggerAddress: localhost:50530}, handlesAlerts: true, hasTouchScreen: false, javascriptEnabled: true, locationContextEnabled: true, mobileEmulationEnabled: false, nativeEvents: true, networkConnectionEnabled: false, pageLoadStrategy: normal, platform: XP, platformName: XP, rotatable: false, setWindowRect: true, takesHeapSnapshot: true, takesScreenshot: true, unexpectedAlertBehaviour: , unhandledPromptBehavior: , version: 71.0.3578.98, webStorageEnabled: true}
Session ID: 4e95aa898a98ba284647ad8eda1a4c65)
	at com.kms.katalon.core.keyword.internal.KeywordMain.stepFailed(KeywordMain.groovy:36)
	at com.kms.katalon.core.webui.keyword.internal.WebUIKeywordMain.stepFailed(WebUIKeywordMain.groovy:65)
	at com.kms.katalon.core.webui.keyword.internal.WebUIKeywordMain.runKeyword(WebUIKeywordMain.groovy:27)
	at com.kms.katalon.core.webui.keyword.builtin.ClickKeyword.click(ClickKeyword.groovy:86)
	at com.kms.katalon.core.webui.keyword.builtin.ClickKeyword.execute(ClickKeyword.groovy:67)
	at com.kms.katalon.core.keyword.internal.KeywordExecutor.executeKeywordForPlatform(KeywordExecutor.groovy:53)
	at com.kms.katalon.core.webui.keyword.WebUiBuiltInKeywords.click(WebUiBuiltInKeywords.groovy:616)
	at com.kms.katalon.core.webui.keyword.WebUiBuiltInKeywords$click$4.call(Unknown Source)
	at LoginWithParameterization.run(LoginWithParameterization:44)
	at com.kms.katalon.core.main.ScriptEngine.run(ScriptEngine.java:194)
	at com.kms.katalon.core.main.ScriptEngine.runScriptAsRawText(ScriptEngine.java:119)
	at com.kms.katalon.core.main.TestCaseExecutor.runScript(TestCaseExecutor.java:328)
	at com.kms.katalon.core.main.TestCaseExecutor.doExecute(TestCaseExecutor.java:319)
	at com.kms.katalon.core.main.TestCaseExecutor.processExecutionPhase(TestCaseExecutor.java:298)
	at com.kms.katalon.core.main.TestCaseExecutor.accessMainPhase(TestCaseExecutor.java:290)
	at com.kms.katalon.core.main.TestCaseExecutor.execute(TestCaseExecutor.java:224)
	at com.kms.katalon.core.main.TestSuiteExecutor.accessTestCaseMainPhase(TestSuiteExecutor.java:129)
	at com.kms.katalon.core.main.TestSuiteExecutor.accessTestSuiteMainPhase(TestSuiteExecutor.java:112)
	at com.kms.katalon.core.main.TestSuiteExecutor.execute(TestSuiteExecutor.java:81)
	at com.kms.katalon.core.main.TestCaseMain.startTestSuite(TestCaseMain.java:149)
	at com.kms.katalon.core.main.TestCaseMain$startTestSuite$0.call(Unknown Source)
	at TempTestSuite1546792407437.run(TempTestSuite1546792407437.groovy:36)
"/>
         <system-out><![CDATA[2019-01-06 16:34:00 - [TEST_CASE][FAILED] - Test Cases/UserLogin/LoginWithParameterization: Test Cases/UserLogin/LoginWithParameterization FAILED.
Reason:
com.kms.katalon.core.exception.StepFailedException: Unable to click on object 'Object Repository/Efc/EfcLoginPage/Logout' (Root cause: org.openqa.selenium.ElementNotVisibleException: element not interactable
  (Session info: chrome=71.0.3578.98)
  (Driver info: chromedriver=2.43.600210 (68dcf5eebde37173d4027fa8635e332711d2874a),platform=Windows NT 10.0.17134 x86_64) (WARNING: The server did not provide any stacktrace information)
Command duration or timeout: 0 milliseconds
Build info: version: '3.7.1', revision: '8a0099a', time: '2017-11-06T21:07:36.161Z'
System info: host: 'DESKTOP-3JHPPTI', ip: '192.168.0.7', os.name: 'Windows 10', os.arch: 'amd64', os.version: '10.0', java.version: '1.8.0_181'
Driver info: com.kms.katalon.selenium.driver.CChromeDriver
Capabilities {acceptInsecureCerts: false, acceptSslCerts: false, applicationCacheEnabled: false, browserConnectionEnabled: false, browserName: chrome, chrome: {chromedriverVersion: 2.43.600210 (68dcf5eebde371..., userDataDir: C:\Users\user\AppData\Local...}, cssSelectorsEnabled: true, databaseEnabled: false, goog:chromeOptions: {debuggerAddress: localhost:50530}, handlesAlerts: true, hasTouchScreen: false, javascriptEnabled: true, locationContextEnabled: true, mobileEmulationEnabled: false, nativeEvents: true, networkConnectionEnabled: false, pageLoadStrategy: normal, platform: XP, platformName: XP, rotatable: false, setWindowRect: true, takesHeapSnapshot: true, takesScreenshot: true, unexpectedAlertBehaviour: , unhandledPromptBehavior: , version: 71.0.3578.98, webStorageEnabled: true}
Session ID: 4e95aa898a98ba284647ad8eda1a4c65)
	at com.kms.katalon.core.keyword.internal.KeywordMain.stepFailed(KeywordMain.groovy:36)
	at com.kms.katalon.core.webui.keyword.internal.WebUIKeywordMain.stepFailed(WebUIKeywordMain.groovy:65)
	at com.kms.katalon.core.webui.keyword.internal.WebUIKeywordMain.runKeyword(WebUIKeywordMain.groovy:27)
	at com.kms.katalon.core.webui.keyword.builtin.ClickKeyword.click(ClickKeyword.groovy:86)
	at com.kms.katalon.core.webui.keyword.builtin.ClickKeyword.execute(ClickKeyword.groovy:67)
	at com.kms.katalon.core.keyword.internal.KeywordExecutor.executeKeywordForPlatform(KeywordExecutor.groovy:53)
	at com.kms.katalon.core.webui.keyword.WebUiBuiltInKeywords.click(WebUiBuiltInKeywords.groovy:616)
	at com.kms.katalon.core.webui.keyword.WebUiBuiltInKeywords$click$4.call(Unknown Source)
	at LoginWithParameterization.run(LoginWithParameterization:44)
	at com.kms.katalon.core.main.ScriptEngine.run(ScriptEngine.java:194)
	at com.kms.katalon.core.main.ScriptEngine.runScriptAsRawText(ScriptEngine.java:119)
	at com.kms.katalon.core.main.TestCaseExecutor.runScript(TestCaseExecutor.java:328)
	at com.kms.katalon.core.main.TestCaseExecutor.doExecute(TestCaseExecutor.java:319)
	at com.kms.katalon.core.main.TestCaseExecutor.processExecutionPhase(TestCaseExecutor.java:298)
	at com.kms.katalon.core.main.TestCaseExecutor.accessMainPhase(TestCaseExecutor.java:290)
	at com.kms.katalon.core.main.TestCaseExecutor.execute(TestCaseExecutor.java:224)
	at com.kms.katalon.core.main.TestSuiteExecutor.accessTestCaseMainPhase(TestSuiteExecutor.java:129)
	at com.kms.katalon.core.main.TestSuiteExecutor.accessTestSuiteMainPhase(TestSuiteExecutor.java:112)
	at com.kms.katalon.core.main.TestSuiteExecutor.execute(TestSuiteExecutor.java:81)
	at com.kms.katalon.core.main.TestCaseMain.startTestSuite(TestCaseMain.java:149)
	at com.kms.katalon.core.main.TestCaseMain$startTestSuite$0.call(Unknown Source)
	at TempTestSuite1546792407437.run(TempTestSuite1546792407437.groovy:36)


2019-01-06 16:34:00 - [TEST_STEP][PASSED] - openBrowser(applicationUrl): Browser is opened with url: 'https://www.efinancialcareers.co.uk'

2019-01-06 16:34:00 - [MESSAGE][INFO] - Starting 'Chrome' driver

2019-01-06 16:34:09 - [MESSAGE][PASSED] - Browser is opened with url: 'https://www.efinancialcareers.co.uk'

2019-01-06 16:34:09 - [TEST_STEP][PASSED] - maximizeWindow(): Current window maximized

2019-01-06 16:34:10 - [MESSAGE][PASSED] - Current window maximized

2019-01-06 16:34:10 - [TEST_STEP][PASSED] - waitForPageLoad(timeOut): Wait for page load successfully

2019-01-06 16:34:10 - [MESSAGE][PASSED] - Wait for page load successfully

2019-01-06 16:34:10 - [TEST_STEP][PASSED] - waitForElementVisible(findTestObject("Efc/EfcLoginPage/EfcLogo"), timeOut): Object 'Object Repository/Efc/EfcLoginPage/EfcLogo' is visible

2019-01-06 16:34:10 - [MESSAGE][PASSED] - Object 'Object Repository/Efc/EfcLoginPage/EfcLogo' is visible

2019-01-06 16:34:10 - [TEST_STEP][PASSED] - verifyElementPresent(findTestObject("Efc/EfcLoginPage/SearchButton"), timeOut): Object 'Object Repository/Efc/EfcLoginPage/SearchButton' is present

2019-01-06 16:34:10 - [MESSAGE][PASSED] - Object 'Object Repository/Efc/EfcLoginPage/SearchButton' is present

2019-01-06 16:34:10 - [TEST_STEP][PASSED] - click(findTestObject("Efc/EfcLoginPage/LoginButton")): Object: 'Object Repository/Efc/EfcLoginPage/LoginButton' is clicked on

2019-01-06 16:34:13 - [MESSAGE][PASSED] - Object: 'Object Repository/Efc/EfcLoginPage/LoginButton' is clicked on

2019-01-06 16:34:13 - [TEST_STEP][PASSED] - clearText(findTestObject("Efc/EfcLoginPage/UserName")): Text of object 'Object Repository/Efc/EfcLoginPage/UserName' is cleared

2019-01-06 16:34:14 - [MESSAGE][PASSED] - Text of object 'Object Repository/Efc/EfcLoginPage/UserName' is cleared

2019-01-06 16:34:14 - [TEST_STEP][PASSED] - sendKeys(findTestObject("Efc/EfcLoginPage/UserName"), findTestData("UserData/New Test Data").getValue(1, 1)): Keys 'ben.doni@outlook.com' sent to object: 'Object Repository/Efc/EfcLoginPage/UserName'

2019-01-06 16:34:14 - [MESSAGE][PASSED] - Keys 'ben.doni@outlook.com' sent to object: 'Object Repository/Efc/EfcLoginPage/UserName'

2019-01-06 16:34:14 - [TEST_STEP][PASSED] - clearText(findTestObject("Efc/EfcLoginPage/Password"), STOP_ON_FAILURE): Text of object 'Object Repository/Efc/EfcLoginPage/Password' is cleared

2019-01-06 16:34:14 - [MESSAGE][PASSED] - Text of object 'Object Repository/Efc/EfcLoginPage/Password' is cleared

2019-01-06 16:34:14 - [TEST_STEP][PASSED] - sendKeys(findTestObject("Efc/EfcLoginPage/Password"), findTestData("UserData/New Test Data").getValue(2, 1)): Keys 'testing123' sent to object: 'Object Repository/Efc/EfcLoginPage/Password'

2019-01-06 16:34:14 - [MESSAGE][PASSED] - Keys 'testing123' sent to object: 'Object Repository/Efc/EfcLoginPage/Password'

2019-01-06 16:34:14 - [TEST_STEP][PASSED] - click(findTestObject("Efc/EfcLoginPage/LoginLink")): Object: 'Object Repository/Efc/EfcLoginPage/LoginLink' is clicked on

2019-01-06 16:34:19 - [MESSAGE][PASSED] - Object: 'Object Repository/Efc/EfcLoginPage/LoginLink' is clicked on

2019-01-06 16:34:19 - [TEST_STEP][PASSED] - verifyElementPresent(findTestObject("Efc/EfcLoginPage/WelcomeMessage"), timeOut): Object 'Object Repository/Efc/EfcLoginPage/WelcomeMessage' is present

2019-01-06 16:34:19 - [MESSAGE][PASSED] - Object 'Object Repository/Efc/EfcLoginPage/WelcomeMessage' is present

2019-01-06 16:34:19 - [TEST_STEP][PASSED] - click(findTestObject("Efc/EfcLoginPage/ProfileLink")): Object: 'Object Repository/Efc/EfcLoginPage/ProfileLink' is clicked on

2019-01-06 16:34:19 - [MESSAGE][PASSED] - Object: 'Object Repository/Efc/EfcLoginPage/ProfileLink' is clicked on

2019-01-06 16:34:19 - [TEST_STEP][PASSED] - scrollToElement(findTestObject("Efc/EfcLoginPage/Logout"), timeOut): Scroll to object 'Object Repository/Efc/EfcLoginPage/Logout' successfully

2019-01-06 16:34:19 - [MESSAGE][PASSED] - Scroll to object 'Object Repository/Efc/EfcLoginPage/Logout' successfully

2019-01-06 16:34:19 - [TEST_STEP][FAILED] - click(findTestObject("Efc/EfcLoginPage/Logout")): click(findTestObject("Efc/EfcLoginPage/Logout")) FAILED.
Reason:
com.kms.katalon.core.exception.StepFailedException: Unable to click on object 'Object Repository/Efc/EfcLoginPage/Logout' (Root cause: org.openqa.selenium.ElementNotVisibleException: element not interactable
  (Session info: chrome=71.0.3578.98)
  (Driver info: chromedriver=2.43.600210 (68dcf5eebde37173d4027fa8635e332711d2874a),platform=Windows NT 10.0.17134 x86_64) (WARNING: The server did not provide any stacktrace information)
Command duration or timeout: 0 milliseconds
Build info: version: '3.7.1', revision: '8a0099a', time: '2017-11-06T21:07:36.161Z'
System info: host: 'DESKTOP-3JHPPTI', ip: '192.168.0.7', os.name: 'Windows 10', os.arch: 'amd64', os.version: '10.0', java.version: '1.8.0_181'
Driver info: com.kms.katalon.selenium.driver.CChromeDriver
Capabilities {acceptInsecureCerts: false, acceptSslCerts: false, applicationCacheEnabled: false, browserConnectionEnabled: false, browserName: chrome, chrome: {chromedriverVersion: 2.43.600210 (68dcf5eebde371..., userDataDir: C:\Users\user\AppData\Local...}, cssSelectorsEnabled: true, databaseEnabled: false, goog:chromeOptions: {debuggerAddress: localhost:50530}, handlesAlerts: true, hasTouchScreen: false, javascriptEnabled: true, locationContextEnabled: true, mobileEmulationEnabled: false, nativeEvents: true, networkConnectionEnabled: false, pageLoadStrategy: normal, platform: XP, platformName: XP, rotatable: false, setWindowRect: true, takesHeapSnapshot: true, takesScreenshot: true, unexpectedAlertBehaviour: , unhandledPromptBehavior: , version: 71.0.3578.98, webStorageEnabled: true}
Session ID: 4e95aa898a98ba284647ad8eda1a4c65)
	at com.kms.katalon.core.keyword.internal.KeywordMain.stepFailed(KeywordMain.groovy:36)
	at com.kms.katalon.core.webui.keyword.internal.WebUIKeywordMain.stepFailed(WebUIKeywordMain.groovy:65)
	at com.kms.katalon.core.webui.keyword.internal.WebUIKeywordMain.runKeyword(WebUIKeywordMain.groovy:27)
	at com.kms.katalon.core.webui.keyword.builtin.ClickKeyword.click(ClickKeyword.groovy:86)
	at com.kms.katalon.core.webui.keyword.builtin.ClickKeyword.execute(ClickKeyword.groovy:67)
	at com.kms.katalon.core.keyword.internal.KeywordExecutor.executeKeywordForPlatform(KeywordExecutor.groovy:53)
	at com.kms.katalon.core.webui.keyword.WebUiBuiltInKeywords.click(WebUiBuiltInKeywords.groovy:616)
	at com.kms.katalon.core.webui.keyword.WebUiBuiltInKeywords$click$4.call(Unknown Source)
	at LoginWithParameterization.run(LoginWithParameterization:44)
	at com.kms.katalon.core.main.ScriptEngine.run(ScriptEngine.java:194)
	at com.kms.katalon.core.main.ScriptEngine.runScriptAsRawText(ScriptEngine.java:119)
	at com.kms.katalon.core.main.TestCaseExecutor.runScript(TestCaseExecutor.java:328)
	at com.kms.katalon.core.main.TestCaseExecutor.doExecute(TestCaseExecutor.java:319)
	at com.kms.katalon.core.main.TestCaseExecutor.processExecutionPhase(TestCaseExecutor.java:298)
	at com.kms.katalon.core.main.TestCaseExecutor.accessMainPhase(TestCaseExecutor.java:290)
	at com.kms.katalon.core.main.TestCaseExecutor.execute(TestCaseExecutor.java:224)
	at com.kms.katalon.core.main.TestSuiteExecutor.accessTestCaseMainPhase(TestSuiteExecutor.java:129)
	at com.kms.katalon.core.main.TestSuiteExecutor.accessTestSuiteMainPhase(TestSuiteExecutor.java:112)
	at com.kms.katalon.core.main.TestSuiteExecutor.execute(TestSuiteExecutor.java:81)
	at com.kms.katalon.core.main.TestCaseMain.startTestSuite(TestCaseMain.java:149)
	at com.kms.katalon.core.main.TestCaseMain$startTestSuite$0.call(Unknown Source)
	at TempTestSuite1546792407437.run(TempTestSuite1546792407437.groovy:36)


2019-01-06 16:34:20 - [MESSAGE][FAILED] - Unable to click on object 'Object Repository/Efc/EfcLoginPage/Logout' (Root cause: org.openqa.selenium.ElementNotVisibleException: element not interactable
  (Session info: chrome=71.0.3578.98)
  (Driver info: chromedriver=2.43.600210 (68dcf5eebde37173d4027fa8635e332711d2874a),platform=Windows NT 10.0.17134 x86_64) (WARNING: The server did not provide any stacktrace information)
Command duration or timeout: 0 milliseconds
Build info: version: '3.7.1', revision: '8a0099a', time: '2017-11-06T21:07:36.161Z'
System info: host: 'DESKTOP-3JHPPTI', ip: '192.168.0.7', os.name: 'Windows 10', os.arch: 'amd64', os.version: '10.0', java.version: '1.8.0_181'
Driver info: com.kms.katalon.selenium.driver.CChromeDriver
Capabilities {acceptInsecureCerts: false, acceptSslCerts: false, applicationCacheEnabled: false, browserConnectionEnabled: false, browserName: chrome, chrome: {chromedriverVersion: 2.43.600210 (68dcf5eebde371..., userDataDir: C:\Users\user\AppData\Local...}, cssSelectorsEnabled: true, databaseEnabled: false, goog:chromeOptions: {debuggerAddress: localhost:50530}, handlesAlerts: true, hasTouchScreen: false, javascriptEnabled: true, locationContextEnabled: true, mobileEmulationEnabled: false, nativeEvents: true, networkConnectionEnabled: false, pageLoadStrategy: normal, platform: XP, platformName: XP, rotatable: false, setWindowRect: true, takesHeapSnapshot: true, takesScreenshot: true, unexpectedAlertBehaviour: , unhandledPromptBehavior: , version: 71.0.3578.98, webStorageEnabled: true}
Session ID: 4e95aa898a98ba284647ad8eda1a4c65)
[[ATTACHMENT|C:\\WorkSpace\\kalatonstudioproject\\efcrecordandplayback\\Reports\\efc\\LoginTestSuite\\20190106_163327\\1546792459855.png]]

2019-01-06 16:34:20 - [MESSAGE][FAILED] - click(findTestObject("Efc/EfcLoginPage/Logout")) FAILED.
Reason:
com.kms.katalon.core.exception.StepFailedException: Unable to click on object 'Object Repository/Efc/EfcLoginPage/Logout' (Root cause: org.openqa.selenium.ElementNotVisibleException: element not interactable
  (Session info: chrome=71.0.3578.98)
  (Driver info: chromedriver=2.43.600210 (68dcf5eebde37173d4027fa8635e332711d2874a),platform=Windows NT 10.0.17134 x86_64) (WARNING: The server did not provide any stacktrace information)
Command duration or timeout: 0 milliseconds
Build info: version: '3.7.1', revision: '8a0099a', time: '2017-11-06T21:07:36.161Z'
System info: host: 'DESKTOP-3JHPPTI', ip: '192.168.0.7', os.name: 'Windows 10', os.arch: 'amd64', os.version: '10.0', java.version: '1.8.0_181'
Driver info: com.kms.katalon.selenium.driver.CChromeDriver
Capabilities {acceptInsecureCerts: false, acceptSslCerts: false, applicationCacheEnabled: false, browserConnectionEnabled: false, browserName: chrome, chrome: {chromedriverVersion: 2.43.600210 (68dcf5eebde371..., userDataDir: C:\Users\user\AppData\Local...}, cssSelectorsEnabled: true, databaseEnabled: false, goog:chromeOptions: {debuggerAddress: localhost:50530}, handlesAlerts: true, hasTouchScreen: false, javascriptEnabled: true, locationContextEnabled: true, mobileEmulationEnabled: false, nativeEvents: true, networkConnectionEnabled: false, pageLoadStrategy: normal, platform: XP, platformName: XP, rotatable: false, setWindowRect: true, takesHeapSnapshot: true, takesScreenshot: true, unexpectedAlertBehaviour: , unhandledPromptBehavior: , version: 71.0.3578.98, webStorageEnabled: true}
Session ID: 4e95aa898a98ba284647ad8eda1a4c65)
	at com.kms.katalon.core.keyword.internal.KeywordMain.stepFailed(KeywordMain.groovy:36)
	at com.kms.katalon.core.webui.keyword.internal.WebUIKeywordMain.stepFailed(WebUIKeywordMain.groovy:65)
	at com.kms.katalon.core.webui.keyword.internal.WebUIKeywordMain.runKeyword(WebUIKeywordMain.groovy:27)
	at com.kms.katalon.core.webui.keyword.builtin.ClickKeyword.click(ClickKeyword.groovy:86)
	at com.kms.katalon.core.webui.keyword.builtin.ClickKeyword.execute(ClickKeyword.groovy:67)
	at com.kms.katalon.core.keyword.internal.KeywordExecutor.executeKeywordForPlatform(KeywordExecutor.groovy:53)
	at com.kms.katalon.core.webui.keyword.WebUiBuiltInKeywords.click(WebUiBuiltInKeywords.groovy:616)
	at com.kms.katalon.core.webui.keyword.WebUiBuiltInKeywords$click$4.call(Unknown Source)
	at LoginWithParameterization.run(LoginWithParameterization:44)
	at com.kms.katalon.core.main.ScriptEngine.run(ScriptEngine.java:194)
	at com.kms.katalon.core.main.ScriptEngine.runScriptAsRawText(ScriptEngine.java:119)
	at com.kms.katalon.core.main.TestCaseExecutor.runScript(TestCaseExecutor.java:328)
	at com.kms.katalon.core.main.TestCaseExecutor.doExecute(TestCaseExecutor.java:319)
	at com.kms.katalon.core.main.TestCaseExecutor.processExecutionPhase(TestCaseExecutor.java:298)
	at com.kms.katalon.core.main.TestCaseExecutor.accessMainPhase(TestCaseExecutor.java:290)
	at com.kms.katalon.core.main.TestCaseExecutor.execute(TestCaseExecutor.java:224)
	at com.kms.katalon.core.main.TestSuiteExecutor.accessTestCaseMainPhase(TestSuiteExecutor.java:129)
	at com.kms.katalon.core.main.TestSuiteExecutor.accessTestSuiteMainPhase(TestSuiteExecutor.java:112)
	at com.kms.katalon.core.main.TestSuiteExecutor.execute(TestSuiteExecutor.java:81)
	at com.kms.katalon.core.main.TestCaseMain.startTestSuite(TestCaseMain.java:149)
	at com.kms.katalon.core.main.TestCaseMain$startTestSuite$0.call(Unknown Source)
	at TempTestSuite1546792407437.run(TempTestSuite1546792407437.groovy:36)]]></system-out>
         <system-err><![CDATA[2019-01-06 16:34:00 - [TEST_CASE][FAILED] - Test Cases/UserLogin/LoginWithParameterization: Test Cases/UserLogin/LoginWithParameterization FAILED.
Reason:
com.kms.katalon.core.exception.StepFailedException: Unable to click on object 'Object Repository/Efc/EfcLoginPage/Logout' (Root cause: org.openqa.selenium.ElementNotVisibleException: element not interactable
  (Session info: chrome=71.0.3578.98)
  (Driver info: chromedriver=2.43.600210 (68dcf5eebde37173d4027fa8635e332711d2874a),platform=Windows NT 10.0.17134 x86_64) (WARNING: The server did not provide any stacktrace information)
Command duration or timeout: 0 milliseconds
Build info: version: '3.7.1', revision: '8a0099a', time: '2017-11-06T21:07:36.161Z'
System info: host: 'DESKTOP-3JHPPTI', ip: '192.168.0.7', os.name: 'Windows 10', os.arch: 'amd64', os.version: '10.0', java.version: '1.8.0_181'
Driver info: com.kms.katalon.selenium.driver.CChromeDriver
Capabilities {acceptInsecureCerts: false, acceptSslCerts: false, applicationCacheEnabled: false, browserConnectionEnabled: false, browserName: chrome, chrome: {chromedriverVersion: 2.43.600210 (68dcf5eebde371..., userDataDir: C:\Users\user\AppData\Local...}, cssSelectorsEnabled: true, databaseEnabled: false, goog:chromeOptions: {debuggerAddress: localhost:50530}, handlesAlerts: true, hasTouchScreen: false, javascriptEnabled: true, locationContextEnabled: true, mobileEmulationEnabled: false, nativeEvents: true, networkConnectionEnabled: false, pageLoadStrategy: normal, platform: XP, platformName: XP, rotatable: false, setWindowRect: true, takesHeapSnapshot: true, takesScreenshot: true, unexpectedAlertBehaviour: , unhandledPromptBehavior: , version: 71.0.3578.98, webStorageEnabled: true}
Session ID: 4e95aa898a98ba284647ad8eda1a4c65)
	at com.kms.katalon.core.keyword.internal.KeywordMain.stepFailed(KeywordMain.groovy:36)
	at com.kms.katalon.core.webui.keyword.internal.WebUIKeywordMain.stepFailed(WebUIKeywordMain.groovy:65)
	at com.kms.katalon.core.webui.keyword.internal.WebUIKeywordMain.runKeyword(WebUIKeywordMain.groovy:27)
	at com.kms.katalon.core.webui.keyword.builtin.ClickKeyword.click(ClickKeyword.groovy:86)
	at com.kms.katalon.core.webui.keyword.builtin.ClickKeyword.execute(ClickKeyword.groovy:67)
	at com.kms.katalon.core.keyword.internal.KeywordExecutor.executeKeywordForPlatform(KeywordExecutor.groovy:53)
	at com.kms.katalon.core.webui.keyword.WebUiBuiltInKeywords.click(WebUiBuiltInKeywords.groovy:616)
	at com.kms.katalon.core.webui.keyword.WebUiBuiltInKeywords$click$4.call(Unknown Source)
	at LoginWithParameterization.run(LoginWithParameterization:44)
	at com.kms.katalon.core.main.ScriptEngine.run(ScriptEngine.java:194)
	at com.kms.katalon.core.main.ScriptEngine.runScriptAsRawText(ScriptEngine.java:119)
	at com.kms.katalon.core.main.TestCaseExecutor.runScript(TestCaseExecutor.java:328)
	at com.kms.katalon.core.main.TestCaseExecutor.doExecute(TestCaseExecutor.java:319)
	at com.kms.katalon.core.main.TestCaseExecutor.processExecutionPhase(TestCaseExecutor.java:298)
	at com.kms.katalon.core.main.TestCaseExecutor.accessMainPhase(TestCaseExecutor.java:290)
	at com.kms.katalon.core.main.TestCaseExecutor.execute(TestCaseExecutor.java:224)
	at com.kms.katalon.core.main.TestSuiteExecutor.accessTestCaseMainPhase(TestSuiteExecutor.java:129)
	at com.kms.katalon.core.main.TestSuiteExecutor.accessTestSuiteMainPhase(TestSuiteExecutor.java:112)
	at com.kms.katalon.core.main.TestSuiteExecutor.execute(TestSuiteExecutor.java:81)
	at com.kms.katalon.core.main.TestCaseMain.startTestSuite(TestCaseMain.java:149)
	at com.kms.katalon.core.main.TestCaseMain$startTestSuite$0.call(Unknown Source)
	at TempTestSuite1546792407437.run(TempTestSuite1546792407437.groovy:36)]]></system-err>
      </testcase>
      <system-out><![CDATA[2019-01-06 16:33:30 - [TEST_SUITE][FAILED] - LoginTestSuite: Test Cases/UserLogin/LoginWithParameterization FAILED.
Reason:
com.kms.katalon.core.exception.StepFailedException: Unable to click on object 'Object Repository/Efc/EfcLoginPage/Logout' (Root cause: org.openqa.selenium.ElementNotVisibleException: element not interactable
  (Session info: chrome=71.0.3578.98)
  (Driver info: chromedriver=2.43.600210 (68dcf5eebde37173d4027fa8635e332711d2874a),platform=Windows NT 10.0.17134 x86_64) (WARNING: The server did not provide any stacktrace information)
Command duration or timeout: 0 milliseconds
Build info: version: '3.7.1', revision: '8a0099a', time: '2017-11-06T21:07:36.161Z'
System info: host: 'DESKTOP-3JHPPTI', ip: '192.168.0.7', os.name: 'Windows 10', os.arch: 'amd64', os.version: '10.0', java.version: '1.8.0_181'
Driver info: com.kms.katalon.selenium.driver.CChromeDriver
Capabilities {acceptInsecureCerts: false, acceptSslCerts: false, applicationCacheEnabled: false, browserConnectionEnabled: false, browserName: chrome, chrome: {chromedriverVersion: 2.43.600210 (68dcf5eebde371..., userDataDir: C:\Users\user\AppData\Local...}, cssSelectorsEnabled: true, databaseEnabled: false, goog:chromeOptions: {debuggerAddress: localhost:50530}, handlesAlerts: true, hasTouchScreen: false, javascriptEnabled: true, locationContextEnabled: true, mobileEmulationEnabled: false, nativeEvents: true, networkConnectionEnabled: false, pageLoadStrategy: normal, platform: XP, platformName: XP, rotatable: false, setWindowRect: true, takesHeapSnapshot: true, takesScreenshot: true, unexpectedAlertBehaviour: , unhandledPromptBehavior: , version: 71.0.3578.98, webStorageEnabled: true}
Session ID: 4e95aa898a98ba284647ad8eda1a4c65)
	at com.kms.katalon.core.keyword.internal.KeywordMain.stepFailed(KeywordMain.groovy:36)
	at com.kms.katalon.core.webui.keyword.internal.WebUIKeywordMain.stepFailed(WebUIKeywordMain.groovy:65)
	at com.kms.katalon.core.webui.keyword.internal.WebUIKeywordMain.runKeyword(WebUIKeywordMain.groovy:27)
	at com.kms.katalon.core.webui.keyword.builtin.ClickKeyword.click(ClickKeyword.groovy:86)
	at com.kms.katalon.core.webui.keyword.builtin.ClickKeyword.execute(ClickKeyword.groovy:67)
	at com.kms.katalon.core.keyword.internal.KeywordExecutor.executeKeywordForPlatform(KeywordExecutor.groovy:53)
	at com.kms.katalon.core.webui.keyword.WebUiBuiltInKeywords.click(WebUiBuiltInKeywords.groovy:616)
	at com.kms.katalon.core.webui.keyword.WebUiBuiltInKeywords$click$4.call(Unknown Source)
	at LoginWithParameterization.run(LoginWithParameterization:44)
	at com.kms.katalon.core.main.ScriptEngine.run(ScriptEngine.java:194)
	at com.kms.katalon.core.main.ScriptEngine.runScriptAsRawText(ScriptEngine.java:119)
	at com.kms.katalon.core.main.TestCaseExecutor.runScript(TestCaseExecutor.java:328)
	at com.kms.katalon.core.main.TestCaseExecutor.doExecute(TestCaseExecutor.java:319)
	at com.kms.katalon.core.main.TestCaseExecutor.processExecutionPhase(TestCaseExecutor.java:298)
	at com.kms.katalon.core.main.TestCaseExecutor.accessMainPhase(TestCaseExecutor.java:290)
	at com.kms.katalon.core.main.TestCaseExecutor.execute(TestCaseExecutor.java:224)
	at com.kms.katalon.core.main.TestSuiteExecutor.accessTestCaseMainPhase(TestSuiteExecutor.java:129)
	at com.kms.katalon.core.main.TestSuiteExecutor.accessTestSuiteMainPhase(TestSuiteExecutor.java:112)
	at com.kms.katalon.core.main.TestSuiteExecutor.execute(TestSuiteExecutor.java:81)
	at com.kms.katalon.core.main.TestCaseMain.startTestSuite(TestCaseMain.java:149)
	at com.kms.katalon.core.main.TestCaseMain$startTestSuite$0.call(Unknown Source)
	at TempTestSuite1546792407437.run(TempTestSuite1546792407437.groovy:36)]]></system-out>
      <system-err><![CDATA[2019-01-06 16:33:30 - [TEST_SUITE][FAILED] - LoginTestSuite: Test Cases/UserLogin/LoginWithParameterization FAILED.
Reason:
com.kms.katalon.core.exception.StepFailedException: Unable to click on object 'Object Repository/Efc/EfcLoginPage/Logout' (Root cause: org.openqa.selenium.ElementNotVisibleException: element not interactable
  (Session info: chrome=71.0.3578.98)
  (Driver info: chromedriver=2.43.600210 (68dcf5eebde37173d4027fa8635e332711d2874a),platform=Windows NT 10.0.17134 x86_64) (WARNING: The server did not provide any stacktrace information)
Command duration or timeout: 0 milliseconds
Build info: version: '3.7.1', revision: '8a0099a', time: '2017-11-06T21:07:36.161Z'
System info: host: 'DESKTOP-3JHPPTI', ip: '192.168.0.7', os.name: 'Windows 10', os.arch: 'amd64', os.version: '10.0', java.version: '1.8.0_181'
Driver info: com.kms.katalon.selenium.driver.CChromeDriver
Capabilities {acceptInsecureCerts: false, acceptSslCerts: false, applicationCacheEnabled: false, browserConnectionEnabled: false, browserName: chrome, chrome: {chromedriverVersion: 2.43.600210 (68dcf5eebde371..., userDataDir: C:\Users\user\AppData\Local...}, cssSelectorsEnabled: true, databaseEnabled: false, goog:chromeOptions: {debuggerAddress: localhost:50530}, handlesAlerts: true, hasTouchScreen: false, javascriptEnabled: true, locationContextEnabled: true, mobileEmulationEnabled: false, nativeEvents: true, networkConnectionEnabled: false, pageLoadStrategy: normal, platform: XP, platformName: XP, rotatable: false, setWindowRect: true, takesHeapSnapshot: true, takesScreenshot: true, unexpectedAlertBehaviour: , unhandledPromptBehavior: , version: 71.0.3578.98, webStorageEnabled: true}
Session ID: 4e95aa898a98ba284647ad8eda1a4c65)
	at com.kms.katalon.core.keyword.internal.KeywordMain.stepFailed(KeywordMain.groovy:36)
	at com.kms.katalon.core.webui.keyword.internal.WebUIKeywordMain.stepFailed(WebUIKeywordMain.groovy:65)
	at com.kms.katalon.core.webui.keyword.internal.WebUIKeywordMain.runKeyword(WebUIKeywordMain.groovy:27)
	at com.kms.katalon.core.webui.keyword.builtin.ClickKeyword.click(ClickKeyword.groovy:86)
	at com.kms.katalon.core.webui.keyword.builtin.ClickKeyword.execute(ClickKeyword.groovy:67)
	at com.kms.katalon.core.keyword.internal.KeywordExecutor.executeKeywordForPlatform(KeywordExecutor.groovy:53)
	at com.kms.katalon.core.webui.keyword.WebUiBuiltInKeywords.click(WebUiBuiltInKeywords.groovy:616)
	at com.kms.katalon.core.webui.keyword.WebUiBuiltInKeywords$click$4.call(Unknown Source)
	at LoginWithParameterization.run(LoginWithParameterization:44)
	at com.kms.katalon.core.main.ScriptEngine.run(ScriptEngine.java:194)
	at com.kms.katalon.core.main.ScriptEngine.runScriptAsRawText(ScriptEngine.java:119)
	at com.kms.katalon.core.main.TestCaseExecutor.runScript(TestCaseExecutor.java:328)
	at com.kms.katalon.core.main.TestCaseExecutor.doExecute(TestCaseExecutor.java:319)
	at com.kms.katalon.core.main.TestCaseExecutor.processExecutionPhase(TestCaseExecutor.java:298)
	at com.kms.katalon.core.main.TestCaseExecutor.accessMainPhase(TestCaseExecutor.java:290)
	at com.kms.katalon.core.main.TestCaseExecutor.execute(TestCaseExecutor.java:224)
	at com.kms.katalon.core.main.TestSuiteExecutor.accessTestCaseMainPhase(TestSuiteExecutor.java:129)
	at com.kms.katalon.core.main.TestSuiteExecutor.accessTestSuiteMainPhase(TestSuiteExecutor.java:112)
	at com.kms.katalon.core.main.TestSuiteExecutor.execute(TestSuiteExecutor.java:81)
	at com.kms.katalon.core.main.TestCaseMain.startTestSuite(TestCaseMain.java:149)
	at com.kms.katalon.core.main.TestCaseMain$startTestSuite$0.call(Unknown Source)
	at TempTestSuite1546792407437.run(TempTestSuite1546792407437.groovy:36)]]></system-err>
   </testsuite>
</testsuites>
