<?xml version="1.0" encoding="UTF-8"?>
<testsuites name="LoginTestSuite" time="152" tests="1" failures="1" errors="0">
   <testsuite name="LoginTestSuite" tests="1" failures="1" errors="0" time="152" timestamp="2019-01-06 16:38:33" hostname="user - DESKTOP-3JHPPTI" id="Test Suites/efc/LoginTestSuite">
      <properties>
         <property name="deviceName" value=""/>
         <property name="devicePlatform" value=""/>
         <property name="logFolder" value="C:\\WorkSpace\\kalatonstudioproject\\efcrecordandplayback\\Reports\\efc\\LoginTestSuite\\20190106_163823"/>
         <property name="logFiles" value="C:\\WorkSpace\\kalatonstudioproject\\efcrecordandplayback\\Reports\\efc\\LoginTestSuite\\20190106_163823\\execution0.log"/>
         <property name="attachments" value=""/>
         <property name="hostName" value="user - DESKTOP-3JHPPTI"/>
         <property name="os" value="Windows 10 64bit"/>
         <property name="katalonVersion" value="5.10.1.1"/>
         <property name="browser" value="Chrome 71.0.3578.98"/>
         <property name="hostAddress" value="192.168.0.7"/>
         <property name="sessionId" value="34dd0045670d02a0fef4db30e4fc0fe9"/>
         <property name="seleniumVersion" value="3.7.1"/>
         <property name="proxyInformation" value="ProxyInformation{proxyOption=NO_PROXY, proxyServerType=HTTP, password=, proxyServerAddress=, proxyServerPort=0}"/>
         <property name="platform" value="Windows 10"/>
      </properties>
      <testcase name="Test Cases/UserLogin/Login" classname="Test Cases/UserLogin/Login" status="FAILED">
         <failure type="FAILED" message="Test Cases/UserLogin/Login FAILED.
Reason:
com.kms.katalon.core.exception.StepFailedException: Unable to wait for page load (Root cause: org.openqa.selenium.TimeoutException: Expected condition failed: waiting for com.kms.katalon.core.webui.keyword.builtin.WaitForPageLoadKeyword$1@6fe46b62 (tried for 30 second(s) with 500 MILLISECONDS interval))
	at com.kms.katalon.core.keyword.internal.KeywordMain.stepFailed(KeywordMain.groovy:36)
	at com.kms.katalon.core.webui.keyword.internal.WebUIKeywordMain.stepFailed(WebUIKeywordMain.groovy:65)
	at com.kms.katalon.core.webui.keyword.internal.WebUIKeywordMain.runKeyword(WebUIKeywordMain.groovy:27)
	at com.kms.katalon.core.webui.keyword.builtin.WaitForPageLoadKeyword.waitForPageLoad(WaitForPageLoadKeyword.groovy:72)
	at com.kms.katalon.core.webui.keyword.builtin.WaitForPageLoadKeyword.execute(WaitForPageLoadKeyword.groovy:67)
	at com.kms.katalon.core.keyword.internal.KeywordExecutor.executeKeywordForPlatform(KeywordExecutor.groovy:53)
	at com.kms.katalon.core.webui.keyword.WebUiBuiltInKeywords.waitForPageLoad(WebUiBuiltInKeywords.groovy:2427)
	at com.kms.katalon.core.webui.keyword.WebUiBuiltInKeywords$waitForPageLoad$1.call(Unknown Source)
	at Login.run(Login:20)
	at com.kms.katalon.core.main.ScriptEngine.run(ScriptEngine.java:194)
	at com.kms.katalon.core.main.ScriptEngine.runScriptAsRawText(ScriptEngine.java:119)
	at com.kms.katalon.core.main.TestCaseExecutor.runScript(TestCaseExecutor.java:328)
	at com.kms.katalon.core.main.TestCaseExecutor.doExecute(TestCaseExecutor.java:319)
	at com.kms.katalon.core.main.TestCaseExecutor.processExecutionPhase(TestCaseExecutor.java:298)
	at com.kms.katalon.core.main.TestCaseExecutor.accessMainPhase(TestCaseExecutor.java:290)
	at com.kms.katalon.core.main.TestCaseExecutor.execute(TestCaseExecutor.java:224)
	at com.kms.katalon.core.main.TestSuiteExecutor.accessTestCaseMainPhase(TestSuiteExecutor.java:129)
	at com.kms.katalon.core.main.TestSuiteExecutor.accessTestSuiteMainPhase(TestSuiteExecutor.java:112)
	at com.kms.katalon.core.main.TestSuiteExecutor.execute(TestSuiteExecutor.java:81)
	at com.kms.katalon.core.main.TestCaseMain.startTestSuite(TestCaseMain.java:149)
	at com.kms.katalon.core.main.TestCaseMain$startTestSuite$0.call(Unknown Source)
	at TempTestSuite1546792704096.run(TempTestSuite1546792704096.groovy:36)
"/>
         <system-out><![CDATA[2019-01-06 16:38:34 - [TEST_CASE][FAILED] - Test Cases/UserLogin/Login: Test Cases/UserLogin/Login FAILED.
Reason:
com.kms.katalon.core.exception.StepFailedException: Unable to wait for page load (Root cause: org.openqa.selenium.TimeoutException: Expected condition failed: waiting for com.kms.katalon.core.webui.keyword.builtin.WaitForPageLoadKeyword$1@6fe46b62 (tried for 30 second(s) with 500 MILLISECONDS interval))
	at com.kms.katalon.core.keyword.internal.KeywordMain.stepFailed(KeywordMain.groovy:36)
	at com.kms.katalon.core.webui.keyword.internal.WebUIKeywordMain.stepFailed(WebUIKeywordMain.groovy:65)
	at com.kms.katalon.core.webui.keyword.internal.WebUIKeywordMain.runKeyword(WebUIKeywordMain.groovy:27)
	at com.kms.katalon.core.webui.keyword.builtin.WaitForPageLoadKeyword.waitForPageLoad(WaitForPageLoadKeyword.groovy:72)
	at com.kms.katalon.core.webui.keyword.builtin.WaitForPageLoadKeyword.execute(WaitForPageLoadKeyword.groovy:67)
	at com.kms.katalon.core.keyword.internal.KeywordExecutor.executeKeywordForPlatform(KeywordExecutor.groovy:53)
	at com.kms.katalon.core.webui.keyword.WebUiBuiltInKeywords.waitForPageLoad(WebUiBuiltInKeywords.groovy:2427)
	at com.kms.katalon.core.webui.keyword.WebUiBuiltInKeywords$waitForPageLoad$1.call(Unknown Source)
	at Login.run(Login:20)
	at com.kms.katalon.core.main.ScriptEngine.run(ScriptEngine.java:194)
	at com.kms.katalon.core.main.ScriptEngine.runScriptAsRawText(ScriptEngine.java:119)
	at com.kms.katalon.core.main.TestCaseExecutor.runScript(TestCaseExecutor.java:328)
	at com.kms.katalon.core.main.TestCaseExecutor.doExecute(TestCaseExecutor.java:319)
	at com.kms.katalon.core.main.TestCaseExecutor.processExecutionPhase(TestCaseExecutor.java:298)
	at com.kms.katalon.core.main.TestCaseExecutor.accessMainPhase(TestCaseExecutor.java:290)
	at com.kms.katalon.core.main.TestCaseExecutor.execute(TestCaseExecutor.java:224)
	at com.kms.katalon.core.main.TestSuiteExecutor.accessTestCaseMainPhase(TestSuiteExecutor.java:129)
	at com.kms.katalon.core.main.TestSuiteExecutor.accessTestSuiteMainPhase(TestSuiteExecutor.java:112)
	at com.kms.katalon.core.main.TestSuiteExecutor.execute(TestSuiteExecutor.java:81)
	at com.kms.katalon.core.main.TestCaseMain.startTestSuite(TestCaseMain.java:149)
	at com.kms.katalon.core.main.TestCaseMain$startTestSuite$0.call(Unknown Source)
	at TempTestSuite1546792704096.run(TempTestSuite1546792704096.groovy:36)


2019-01-06 16:38:37 - [TEST_STEP][PASSED] - openBrowser(applicationUrl): Browser is opened with url: 'https://www.efinancialcareers.co.uk'

2019-01-06 16:38:39 - [MESSAGE][INFO] - Starting 'Chrome' driver

2019-01-06 16:38:39 - [MESSAGE][INFO] - Action delay is set to 0 seconds

2019-01-06 16:39:05 - [MESSAGE][PASSED] - Browser is opened with url: 'https://www.efinancialcareers.co.uk'

2019-01-06 16:39:05 - [TEST_STEP][PASSED] - maximizeWindow(): Current window maximized

2019-01-06 16:39:15 - [MESSAGE][PASSED] - Current window maximized

2019-01-06 16:39:15 - [TEST_STEP][FAILED] - waitForPageLoad(timeOut): waitForPageLoad(timeOut) FAILED.
Reason:
com.kms.katalon.core.exception.StepFailedException: Unable to wait for page load (Root cause: org.openqa.selenium.TimeoutException: Expected condition failed: waiting for com.kms.katalon.core.webui.keyword.builtin.WaitForPageLoadKeyword$1@6fe46b62 (tried for 30 second(s) with 500 MILLISECONDS interval))
	at com.kms.katalon.core.keyword.internal.KeywordMain.stepFailed(KeywordMain.groovy:36)
	at com.kms.katalon.core.webui.keyword.internal.WebUIKeywordMain.stepFailed(WebUIKeywordMain.groovy:65)
	at com.kms.katalon.core.webui.keyword.internal.WebUIKeywordMain.runKeyword(WebUIKeywordMain.groovy:27)
	at com.kms.katalon.core.webui.keyword.builtin.WaitForPageLoadKeyword.waitForPageLoad(WaitForPageLoadKeyword.groovy:72)
	at com.kms.katalon.core.webui.keyword.builtin.WaitForPageLoadKeyword.execute(WaitForPageLoadKeyword.groovy:67)
	at com.kms.katalon.core.keyword.internal.KeywordExecutor.executeKeywordForPlatform(KeywordExecutor.groovy:53)
	at com.kms.katalon.core.webui.keyword.WebUiBuiltInKeywords.waitForPageLoad(WebUiBuiltInKeywords.groovy:2427)
	at com.kms.katalon.core.webui.keyword.WebUiBuiltInKeywords$waitForPageLoad$1.call(Unknown Source)
	at Login.run(Login:20)
	at com.kms.katalon.core.main.ScriptEngine.run(ScriptEngine.java:194)
	at com.kms.katalon.core.main.ScriptEngine.runScriptAsRawText(ScriptEngine.java:119)
	at com.kms.katalon.core.main.TestCaseExecutor.runScript(TestCaseExecutor.java:328)
	at com.kms.katalon.core.main.TestCaseExecutor.doExecute(TestCaseExecutor.java:319)
	at com.kms.katalon.core.main.TestCaseExecutor.processExecutionPhase(TestCaseExecutor.java:298)
	at com.kms.katalon.core.main.TestCaseExecutor.accessMainPhase(TestCaseExecutor.java:290)
	at com.kms.katalon.core.main.TestCaseExecutor.execute(TestCaseExecutor.java:224)
	at com.kms.katalon.core.main.TestSuiteExecutor.accessTestCaseMainPhase(TestSuiteExecutor.java:129)
	at com.kms.katalon.core.main.TestSuiteExecutor.accessTestSuiteMainPhase(TestSuiteExecutor.java:112)
	at com.kms.katalon.core.main.TestSuiteExecutor.execute(TestSuiteExecutor.java:81)
	at com.kms.katalon.core.main.TestCaseMain.startTestSuite(TestCaseMain.java:149)
	at com.kms.katalon.core.main.TestCaseMain$startTestSuite$0.call(Unknown Source)
	at TempTestSuite1546792704096.run(TempTestSuite1546792704096.groovy:36)


2019-01-06 16:39:45 - [MESSAGE][WARNING] - Cannot take screenshot

2019-01-06 16:39:45 - [MESSAGE][FAILED] - Unable to wait for page load (Root cause: org.openqa.selenium.TimeoutException: Expected condition failed: waiting for com.kms.katalon.core.webui.keyword.builtin.WaitForPageLoadKeyword$1@6fe46b62 (tried for 30 second(s) with 500 MILLISECONDS interval))

2019-01-06 16:39:46 - [MESSAGE][FAILED] - waitForPageLoad(timeOut) FAILED.
Reason:
com.kms.katalon.core.exception.StepFailedException: Unable to wait for page load (Root cause: org.openqa.selenium.TimeoutException: Expected condition failed: waiting for com.kms.katalon.core.webui.keyword.builtin.WaitForPageLoadKeyword$1@6fe46b62 (tried for 30 second(s) with 500 MILLISECONDS interval))
	at com.kms.katalon.core.keyword.internal.KeywordMain.stepFailed(KeywordMain.groovy:36)
	at com.kms.katalon.core.webui.keyword.internal.WebUIKeywordMain.stepFailed(WebUIKeywordMain.groovy:65)
	at com.kms.katalon.core.webui.keyword.internal.WebUIKeywordMain.runKeyword(WebUIKeywordMain.groovy:27)
	at com.kms.katalon.core.webui.keyword.builtin.WaitForPageLoadKeyword.waitForPageLoad(WaitForPageLoadKeyword.groovy:72)
	at com.kms.katalon.core.webui.keyword.builtin.WaitForPageLoadKeyword.execute(WaitForPageLoadKeyword.groovy:67)
	at com.kms.katalon.core.keyword.internal.KeywordExecutor.executeKeywordForPlatform(KeywordExecutor.groovy:53)
	at com.kms.katalon.core.webui.keyword.WebUiBuiltInKeywords.waitForPageLoad(WebUiBuiltInKeywords.groovy:2427)
	at com.kms.katalon.core.webui.keyword.WebUiBuiltInKeywords$waitForPageLoad$1.call(Unknown Source)
	at Login.run(Login:20)
	at com.kms.katalon.core.main.ScriptEngine.run(ScriptEngine.java:194)
	at com.kms.katalon.core.main.ScriptEngine.runScriptAsRawText(ScriptEngine.java:119)
	at com.kms.katalon.core.main.TestCaseExecutor.runScript(TestCaseExecutor.java:328)
	at com.kms.katalon.core.main.TestCaseExecutor.doExecute(TestCaseExecutor.java:319)
	at com.kms.katalon.core.main.TestCaseExecutor.processExecutionPhase(TestCaseExecutor.java:298)
	at com.kms.katalon.core.main.TestCaseExecutor.accessMainPhase(TestCaseExecutor.java:290)
	at com.kms.katalon.core.main.TestCaseExecutor.execute(TestCaseExecutor.java:224)
	at com.kms.katalon.core.main.TestSuiteExecutor.accessTestCaseMainPhase(TestSuiteExecutor.java:129)
	at com.kms.katalon.core.main.TestSuiteExecutor.accessTestSuiteMainPhase(TestSuiteExecutor.java:112)
	at com.kms.katalon.core.main.TestSuiteExecutor.execute(TestSuiteExecutor.java:81)
	at com.kms.katalon.core.main.TestCaseMain.startTestSuite(TestCaseMain.java:149)
	at com.kms.katalon.core.main.TestCaseMain$startTestSuite$0.call(Unknown Source)
	at TempTestSuite1546792704096.run(TempTestSuite1546792704096.groovy:36)]]></system-out>
         <system-err><![CDATA[2019-01-06 16:38:34 - [TEST_CASE][FAILED] - Test Cases/UserLogin/Login: Test Cases/UserLogin/Login FAILED.
Reason:
com.kms.katalon.core.exception.StepFailedException: Unable to wait for page load (Root cause: org.openqa.selenium.TimeoutException: Expected condition failed: waiting for com.kms.katalon.core.webui.keyword.builtin.WaitForPageLoadKeyword$1@6fe46b62 (tried for 30 second(s) with 500 MILLISECONDS interval))
	at com.kms.katalon.core.keyword.internal.KeywordMain.stepFailed(KeywordMain.groovy:36)
	at com.kms.katalon.core.webui.keyword.internal.WebUIKeywordMain.stepFailed(WebUIKeywordMain.groovy:65)
	at com.kms.katalon.core.webui.keyword.internal.WebUIKeywordMain.runKeyword(WebUIKeywordMain.groovy:27)
	at com.kms.katalon.core.webui.keyword.builtin.WaitForPageLoadKeyword.waitForPageLoad(WaitForPageLoadKeyword.groovy:72)
	at com.kms.katalon.core.webui.keyword.builtin.WaitForPageLoadKeyword.execute(WaitForPageLoadKeyword.groovy:67)
	at com.kms.katalon.core.keyword.internal.KeywordExecutor.executeKeywordForPlatform(KeywordExecutor.groovy:53)
	at com.kms.katalon.core.webui.keyword.WebUiBuiltInKeywords.waitForPageLoad(WebUiBuiltInKeywords.groovy:2427)
	at com.kms.katalon.core.webui.keyword.WebUiBuiltInKeywords$waitForPageLoad$1.call(Unknown Source)
	at Login.run(Login:20)
	at com.kms.katalon.core.main.ScriptEngine.run(ScriptEngine.java:194)
	at com.kms.katalon.core.main.ScriptEngine.runScriptAsRawText(ScriptEngine.java:119)
	at com.kms.katalon.core.main.TestCaseExecutor.runScript(TestCaseExecutor.java:328)
	at com.kms.katalon.core.main.TestCaseExecutor.doExecute(TestCaseExecutor.java:319)
	at com.kms.katalon.core.main.TestCaseExecutor.processExecutionPhase(TestCaseExecutor.java:298)
	at com.kms.katalon.core.main.TestCaseExecutor.accessMainPhase(TestCaseExecutor.java:290)
	at com.kms.katalon.core.main.TestCaseExecutor.execute(TestCaseExecutor.java:224)
	at com.kms.katalon.core.main.TestSuiteExecutor.accessTestCaseMainPhase(TestSuiteExecutor.java:129)
	at com.kms.katalon.core.main.TestSuiteExecutor.accessTestSuiteMainPhase(TestSuiteExecutor.java:112)
	at com.kms.katalon.core.main.TestSuiteExecutor.execute(TestSuiteExecutor.java:81)
	at com.kms.katalon.core.main.TestCaseMain.startTestSuite(TestCaseMain.java:149)
	at com.kms.katalon.core.main.TestCaseMain$startTestSuite$0.call(Unknown Source)
	at TempTestSuite1546792704096.run(TempTestSuite1546792704096.groovy:36)]]></system-err>
      </testcase>
      <testcase name="Test Cases/UserLogin/LoginWithParameterization" classname="Test Cases/UserLogin/LoginWithParameterization" status="PASSED">
         <system-out><![CDATA[2019-01-06 16:39:46 - [TEST_CASE][PASSED] - Test Cases/UserLogin/LoginWithParameterization: Test Cases/UserLogin/LoginWithParameterization

2019-01-06 16:39:46 - [TEST_STEP][PASSED] - openBrowser(applicationUrl): Browser is opened with url: 'https://www.efinancialcareers.co.uk'

2019-01-06 16:39:46 - [MESSAGE][WARNING] - A browser is already opened. Closing browser and opening a new one

2019-01-06 16:39:46 - [MESSAGE][INFO] - Starting 'Chrome' driver

2019-01-06 16:40:28 - [MESSAGE][PASSED] - Browser is opened with url: 'https://www.efinancialcareers.co.uk'

2019-01-06 16:40:28 - [TEST_STEP][PASSED] - maximizeWindow(): Current window maximized

2019-01-06 16:40:29 - [MESSAGE][PASSED] - Current window maximized

2019-01-06 16:40:29 - [TEST_STEP][PASSED] - waitForPageLoad(timeOut): Wait for page load successfully

2019-01-06 16:40:29 - [MESSAGE][PASSED] - Wait for page load successfully

2019-01-06 16:40:29 - [TEST_STEP][PASSED] - waitForElementVisible(findTestObject("Efc/EfcLoginPage/EfcLogo"), timeOut): Object 'Object Repository/Efc/EfcLoginPage/EfcLogo' is visible

2019-01-06 16:40:30 - [MESSAGE][PASSED] - Object 'Object Repository/Efc/EfcLoginPage/EfcLogo' is visible

2019-01-06 16:40:30 - [TEST_STEP][PASSED] - verifyElementPresent(findTestObject("Efc/EfcLoginPage/SearchButton"), timeOut): Object 'Object Repository/Efc/EfcLoginPage/SearchButton' is present

2019-01-06 16:40:30 - [MESSAGE][PASSED] - Object 'Object Repository/Efc/EfcLoginPage/SearchButton' is present

2019-01-06 16:40:30 - [TEST_STEP][PASSED] - click(findTestObject("Efc/EfcLoginPage/LoginButton")): Object: 'Object Repository/Efc/EfcLoginPage/LoginButton' is clicked on

2019-01-06 16:40:38 - [MESSAGE][PASSED] - Object: 'Object Repository/Efc/EfcLoginPage/LoginButton' is clicked on

2019-01-06 16:40:38 - [TEST_STEP][PASSED] - clearText(findTestObject("Efc/EfcLoginPage/UserName")): Text of object 'Object Repository/Efc/EfcLoginPage/UserName' is cleared

2019-01-06 16:40:38 - [MESSAGE][PASSED] - Text of object 'Object Repository/Efc/EfcLoginPage/UserName' is cleared

2019-01-06 16:40:38 - [TEST_STEP][PASSED] - sendKeys(findTestObject("Efc/EfcLoginPage/UserName"), findTestData("UserData/New Test Data").getValue(1, 1)): Keys 'ben.doni@outlook.com' sent to object: 'Object Repository/Efc/EfcLoginPage/UserName'

2019-01-06 16:40:40 - [MESSAGE][PASSED] - Keys 'ben.doni@outlook.com' sent to object: 'Object Repository/Efc/EfcLoginPage/UserName'

2019-01-06 16:40:40 - [TEST_STEP][PASSED] - clearText(findTestObject("Efc/EfcLoginPage/Password"), STOP_ON_FAILURE): Text of object 'Object Repository/Efc/EfcLoginPage/Password' is cleared

2019-01-06 16:40:40 - [MESSAGE][PASSED] - Text of object 'Object Repository/Efc/EfcLoginPage/Password' is cleared

2019-01-06 16:40:40 - [TEST_STEP][PASSED] - sendKeys(findTestObject("Efc/EfcLoginPage/Password"), findTestData("UserData/New Test Data").getValue(2, 1)): Keys 'testing123' sent to object: 'Object Repository/Efc/EfcLoginPage/Password'

2019-01-06 16:40:40 - [MESSAGE][PASSED] - Keys 'testing123' sent to object: 'Object Repository/Efc/EfcLoginPage/Password'

2019-01-06 16:40:40 - [TEST_STEP][PASSED] - click(findTestObject("Efc/EfcLoginPage/LoginLink")): Object: 'Object Repository/Efc/EfcLoginPage/LoginLink' is clicked on

2019-01-06 16:40:53 - [MESSAGE][PASSED] - Object: 'Object Repository/Efc/EfcLoginPage/LoginLink' is clicked on

2019-01-06 16:40:53 - [TEST_STEP][PASSED] - verifyElementPresent(findTestObject("Efc/EfcLoginPage/WelcomeMessage"), timeOut): Object 'Object Repository/Efc/EfcLoginPage/WelcomeMessage' is present

2019-01-06 16:40:53 - [MESSAGE][PASSED] - Object 'Object Repository/Efc/EfcLoginPage/WelcomeMessage' is present

2019-01-06 16:40:53 - [TEST_STEP][PASSED] - click(findTestObject("Efc/EfcLoginPage/ProfileLink")): Object: 'Object Repository/Efc/EfcLoginPage/ProfileLink' is clicked on

2019-01-06 16:40:53 - [MESSAGE][PASSED] - Object: 'Object Repository/Efc/EfcLoginPage/ProfileLink' is clicked on

2019-01-06 16:40:53 - [TEST_STEP][PASSED] - scrollToElement(findTestObject("Efc/EfcLoginPage/Logout"), timeOut): Scroll to object 'Object Repository/Efc/EfcLoginPage/Logout' successfully

2019-01-06 16:40:55 - [MESSAGE][PASSED] - Scroll to object 'Object Repository/Efc/EfcLoginPage/Logout' successfully

2019-01-06 16:40:55 - [TEST_STEP][PASSED] - click(findTestObject("Efc/EfcLoginPage/Logout")): Object: 'Object Repository/Efc/EfcLoginPage/Logout' is clicked on

2019-01-06 16:41:04 - [MESSAGE][PASSED] - Object: 'Object Repository/Efc/EfcLoginPage/Logout' is clicked on

2019-01-06 16:41:04 - [TEST_STEP][PASSED] - closeBrowser(STOP_ON_FAILURE): Browser is closed

2019-01-06 16:41:05 - [MESSAGE][PASSED] - Browser is closed]]></system-out>
         <system-err><![CDATA[]]></system-err>
      </testcase>
      <system-out><![CDATA[2019-01-06 16:38:33 - [TEST_SUITE][FAILED] - LoginTestSuite: Test Cases/UserLogin/Login FAILED.
Reason:
com.kms.katalon.core.exception.StepFailedException: Unable to wait for page load (Root cause: org.openqa.selenium.TimeoutException: Expected condition failed: waiting for com.kms.katalon.core.webui.keyword.builtin.WaitForPageLoadKeyword$1@6fe46b62 (tried for 30 second(s) with 500 MILLISECONDS interval))
	at com.kms.katalon.core.keyword.internal.KeywordMain.stepFailed(KeywordMain.groovy:36)
	at com.kms.katalon.core.webui.keyword.internal.WebUIKeywordMain.stepFailed(WebUIKeywordMain.groovy:65)
	at com.kms.katalon.core.webui.keyword.internal.WebUIKeywordMain.runKeyword(WebUIKeywordMain.groovy:27)
	at com.kms.katalon.core.webui.keyword.builtin.WaitForPageLoadKeyword.waitForPageLoad(WaitForPageLoadKeyword.groovy:72)
	at com.kms.katalon.core.webui.keyword.builtin.WaitForPageLoadKeyword.execute(WaitForPageLoadKeyword.groovy:67)
	at com.kms.katalon.core.keyword.internal.KeywordExecutor.executeKeywordForPlatform(KeywordExecutor.groovy:53)
	at com.kms.katalon.core.webui.keyword.WebUiBuiltInKeywords.waitForPageLoad(WebUiBuiltInKeywords.groovy:2427)
	at com.kms.katalon.core.webui.keyword.WebUiBuiltInKeywords$waitForPageLoad$1.call(Unknown Source)
	at Login.run(Login:20)
	at com.kms.katalon.core.main.ScriptEngine.run(ScriptEngine.java:194)
	at com.kms.katalon.core.main.ScriptEngine.runScriptAsRawText(ScriptEngine.java:119)
	at com.kms.katalon.core.main.TestCaseExecutor.runScript(TestCaseExecutor.java:328)
	at com.kms.katalon.core.main.TestCaseExecutor.doExecute(TestCaseExecutor.java:319)
	at com.kms.katalon.core.main.TestCaseExecutor.processExecutionPhase(TestCaseExecutor.java:298)
	at com.kms.katalon.core.main.TestCaseExecutor.accessMainPhase(TestCaseExecutor.java:290)
	at com.kms.katalon.core.main.TestCaseExecutor.execute(TestCaseExecutor.java:224)
	at com.kms.katalon.core.main.TestSuiteExecutor.accessTestCaseMainPhase(TestSuiteExecutor.java:129)
	at com.kms.katalon.core.main.TestSuiteExecutor.accessTestSuiteMainPhase(TestSuiteExecutor.java:112)
	at com.kms.katalon.core.main.TestSuiteExecutor.execute(TestSuiteExecutor.java:81)
	at com.kms.katalon.core.main.TestCaseMain.startTestSuite(TestCaseMain.java:149)
	at com.kms.katalon.core.main.TestCaseMain$startTestSuite$0.call(Unknown Source)
	at TempTestSuite1546792704096.run(TempTestSuite1546792704096.groovy:36)]]></system-out>
      <system-err><![CDATA[2019-01-06 16:38:33 - [TEST_SUITE][FAILED] - LoginTestSuite: Test Cases/UserLogin/Login FAILED.
Reason:
com.kms.katalon.core.exception.StepFailedException: Unable to wait for page load (Root cause: org.openqa.selenium.TimeoutException: Expected condition failed: waiting for com.kms.katalon.core.webui.keyword.builtin.WaitForPageLoadKeyword$1@6fe46b62 (tried for 30 second(s) with 500 MILLISECONDS interval))
	at com.kms.katalon.core.keyword.internal.KeywordMain.stepFailed(KeywordMain.groovy:36)
	at com.kms.katalon.core.webui.keyword.internal.WebUIKeywordMain.stepFailed(WebUIKeywordMain.groovy:65)
	at com.kms.katalon.core.webui.keyword.internal.WebUIKeywordMain.runKeyword(WebUIKeywordMain.groovy:27)
	at com.kms.katalon.core.webui.keyword.builtin.WaitForPageLoadKeyword.waitForPageLoad(WaitForPageLoadKeyword.groovy:72)
	at com.kms.katalon.core.webui.keyword.builtin.WaitForPageLoadKeyword.execute(WaitForPageLoadKeyword.groovy:67)
	at com.kms.katalon.core.keyword.internal.KeywordExecutor.executeKeywordForPlatform(KeywordExecutor.groovy:53)
	at com.kms.katalon.core.webui.keyword.WebUiBuiltInKeywords.waitForPageLoad(WebUiBuiltInKeywords.groovy:2427)
	at com.kms.katalon.core.webui.keyword.WebUiBuiltInKeywords$waitForPageLoad$1.call(Unknown Source)
	at Login.run(Login:20)
	at com.kms.katalon.core.main.ScriptEngine.run(ScriptEngine.java:194)
	at com.kms.katalon.core.main.ScriptEngine.runScriptAsRawText(ScriptEngine.java:119)
	at com.kms.katalon.core.main.TestCaseExecutor.runScript(TestCaseExecutor.java:328)
	at com.kms.katalon.core.main.TestCaseExecutor.doExecute(TestCaseExecutor.java:319)
	at com.kms.katalon.core.main.TestCaseExecutor.processExecutionPhase(TestCaseExecutor.java:298)
	at com.kms.katalon.core.main.TestCaseExecutor.accessMainPhase(TestCaseExecutor.java:290)
	at com.kms.katalon.core.main.TestCaseExecutor.execute(TestCaseExecutor.java:224)
	at com.kms.katalon.core.main.TestSuiteExecutor.accessTestCaseMainPhase(TestSuiteExecutor.java:129)
	at com.kms.katalon.core.main.TestSuiteExecutor.accessTestSuiteMainPhase(TestSuiteExecutor.java:112)
	at com.kms.katalon.core.main.TestSuiteExecutor.execute(TestSuiteExecutor.java:81)
	at com.kms.katalon.core.main.TestCaseMain.startTestSuite(TestCaseMain.java:149)
	at com.kms.katalon.core.main.TestCaseMain$startTestSuite$0.call(Unknown Source)
	at TempTestSuite1546792704096.run(TempTestSuite1546792704096.groovy:36)]]></system-err>
   </testsuite>
</testsuites>
